<?xml version="1.0" encoding="UTF-8"?>
<!-- Generated by org.testng.reporters.JUnitXMLReporter -->
<testsuite hostname="IT-VANSHRAJ2" ignored="0" name="Login" tests="5" failures="1" timestamp="03 Dec 2018 06:18:57 GMT" time="5.013" errors="0">
  <testcase name="@AfterMethod resultAnalysis" time="0.028" classname="in.dishtv.library.BaseLibrary">
    <failure type="org.openqa.selenium.UnhandledAlertException" message="unexpected alert open: {Alert text : User ID is missing.}
  (Session info: chrome=70.0.3538.110)
  (Driver info: chromedriver=2.44.609538 (b655c5a60b0b544917107a59d4153d4bf78e1b90),platform=Windows NT 10.0.17134 x86_64) (WARNING: The server did not provide any stacktrace information)
Command duration or timeout: 4 milliseconds: null
Build info: version: &amp;apos;2.53.1&amp;apos;, revision: &amp;apos;a36b8b1&amp;apos;, time: &amp;apos;2016-06-30 17:32:46&amp;apos;
System info: host: &amp;apos;IT-VANSHRAJ2&amp;apos;, ip: &amp;apos;10.65.8.99&amp;apos;, os.name: &amp;apos;Windows 10&amp;apos;, os.arch: &amp;apos;amd64&amp;apos;, os.version: &amp;apos;10.0&amp;apos;, java.version: &amp;apos;1.8.0_191&amp;apos;
Driver info: org.openqa.selenium.chrome.ChromeDriver
Capabilities [{mobileEmulationEnabled=false, hasTouchScreen=false, platform=XP, acceptSslCerts=false, goog:chromeOptions={debuggerAddress=localhost:55739}, acceptInsecureCerts=false, webStorageEnabled=true, browserName=chrome, takesScreenshot=true, javascriptEnabled=true, setWindowRect=true, unexpectedAlertBehaviour=ignore, applicationCacheEnabled=false, rotatable=false, networkConnectionEnabled=false, chrome={chromedriverVersion=2.44.609538 (b655c5a60b0b544917107a59d4153d4bf78e1b90), userDataDir=C:\Users\VANSHR~1.SIN\AppData\Local\Temp\scoped_dir8484_9399}, takesHeapSnapshot=true, pageLoadStrategy=normal, databaseEnabled=false, handlesAlerts=true, version=70.0.3538.110, browserConnectionEnabled=false, nativeEvents=true, locationContextEnabled=true, cssSelectorsEnabled=true}]
Session ID: 8f7c7e45fed875cc6a792a5b365ca592">
      <![CDATA[org.openqa.selenium.UnhandledAlertException: unexpected alert open: {Alert text : User ID is missing.}
  (Session info: chrome=70.0.3538.110)
  (Driver info: chromedriver=2.44.609538 (b655c5a60b0b544917107a59d4153d4bf78e1b90),platform=Windows NT 10.0.17134 x86_64) (WARNING: The server did not provide any stacktrace information)
Command duration or timeout: 4 milliseconds: null
Build info: version: '2.53.1', revision: 'a36b8b1', time: '2016-06-30 17:32:46'
System info: host: 'IT-VANSHRAJ2', ip: '10.65.8.99', os.name: 'Windows 10', os.arch: 'amd64', os.version: '10.0', java.version: '1.8.0_191'
Driver info: org.openqa.selenium.chrome.ChromeDriver
Capabilities [{mobileEmulationEnabled=false, hasTouchScreen=false, platform=XP, acceptSslCerts=false, goog:chromeOptions={debuggerAddress=localhost:55739}, acceptInsecureCerts=false, webStorageEnabled=true, browserName=chrome, takesScreenshot=true, javascriptEnabled=true, setWindowRect=true, unexpectedAlertBehaviour=ignore, applicationCacheEnabled=false, rotatable=false, networkConnectionEnabled=false, chrome={chromedriverVersion=2.44.609538 (b655c5a60b0b544917107a59d4153d4bf78e1b90), userDataDir=C:\Users\VANSHR~1.SIN\AppData\Local\Temp\scoped_dir8484_9399}, takesHeapSnapshot=true, pageLoadStrategy=normal, databaseEnabled=false, handlesAlerts=true, version=70.0.3538.110, browserConnectionEnabled=false, nativeEvents=true, locationContextEnabled=true, cssSelectorsEnabled=true}]
Session ID: 8f7c7e45fed875cc6a792a5b365ca592
at org.openqa.selenium.remote.ErrorHandler.createThrowable(ErrorHandler.java:206)
at org.openqa.selenium.remote.ErrorHandler.throwIfResponseFailed(ErrorHandler.java:164)
at org.openqa.selenium.remote.RemoteWebDriver.execute(RemoteWebDriver.java:678)
at org.openqa.selenium.remote.RemoteWebDriver.execute(RemoteWebDriver.java:701)
at org.openqa.selenium.remote.RemoteWebDriver.getScreenshotAs(RemoteWebDriver.java:335)
at org.openqa.selenium.support.events.EventFiringWebDriver$2.invoke(EventFiringWebDriver.java:103)
at com.sun.proxy.$Proxy12.getScreenshotAs(Unknown Source)
at org.openqa.selenium.support.events.EventFiringWebDriver.getScreenshotAs(EventFiringWebDriver.java:270)
at in.dishtv.library.ScreenshotsLib.getScreenshot(ScreenshotsLib.java:17)
at in.dishtv.library.BaseLibrary.resultAnalysis(BaseLibrary.java:65)
... Removed 36 stack frames]]>
    </failure>
  </testcase> <!-- @AfterMethod resultAnalysis -->
  <testcase name="@BeforeMethod launchBrowser" time="0.0" classname="in.dishtv.library.BaseLibrary">
    <skipped/>
  </testcase> <!-- @BeforeMethod launchBrowser -->
  <testcase name="@AfterMethod resultAnalysis" time="0.0" classname="in.dishtv.library.BaseLibrary">
    <skipped/>
  </testcase> <!-- @AfterMethod resultAnalysis -->
  <testcase name="@BeforeMethod launchBrowser" time="0.0" classname="in.dishtv.library.BaseLibrary">
    <skipped/>
  </testcase> <!-- @BeforeMethod launchBrowser -->
  <testcase name="@AfterMethod resultAnalysis" time="0.0" classname="in.dishtv.library.BaseLibrary">
    <skipped/>
  </testcase> <!-- @AfterMethod resultAnalysis -->
  <testcase name="@BeforeMethod launchBrowser" time="0.0" classname="in.dishtv.library.BaseLibrary">
    <skipped/>
  </testcase> <!-- @BeforeMethod launchBrowser -->
  <testcase name="@AfterMethod resultAnalysis" time="0.0" classname="in.dishtv.library.BaseLibrary">
    <skipped/>
  </testcase> <!-- @AfterMethod resultAnalysis -->
  <testcase name="@BeforeMethod launchBrowser" time="0.0" classname="in.dishtv.library.BaseLibrary">
    <skipped/>
  </testcase> <!-- @BeforeMethod launchBrowser -->
  <testcase name="@AfterMethod resultAnalysis" time="0.0" classname="in.dishtv.library.BaseLibrary">
    <skipped/>
  </testcase> <!-- @AfterMethod resultAnalysis -->
  <testcase name="loginBlankCredentials" time="2.089" classname="in.dishtv.generictest.LoginTest">
    <failure type="org.openqa.selenium.UnhandledAlertException" message="unexpected alert open: {Alert text : User ID is missing.}
  (Session info: chrome=70.0.3538.110)
  (Driver info: chromedriver=2.44.609538 (b655c5a60b0b544917107a59d4153d4bf78e1b90),platform=Windows NT 10.0.17134 x86_64) (WARNING: The server did not provide any stacktrace information)
Command duration or timeout: 4 milliseconds: null
Build info: version: &amp;apos;2.53.1&amp;apos;, revision: &amp;apos;a36b8b1&amp;apos;, time: &amp;apos;2016-06-30 17:32:46&amp;apos;
System info: host: &amp;apos;IT-VANSHRAJ2&amp;apos;, ip: &amp;apos;10.65.8.99&amp;apos;, os.name: &amp;apos;Windows 10&amp;apos;, os.arch: &amp;apos;amd64&amp;apos;, os.version: &amp;apos;10.0&amp;apos;, java.version: &amp;apos;1.8.0_191&amp;apos;
Driver info: org.openqa.selenium.chrome.ChromeDriver
Capabilities [{mobileEmulationEnabled=false, hasTouchScreen=false, platform=XP, acceptSslCerts=false, goog:chromeOptions={debuggerAddress=localhost:55739}, acceptInsecureCerts=false, webStorageEnabled=true, browserName=chrome, takesScreenshot=true, javascriptEnabled=true, setWindowRect=true, unexpectedAlertBehaviour=ignore, applicationCacheEnabled=false, rotatable=false, networkConnectionEnabled=false, chrome={chromedriverVersion=2.44.609538 (b655c5a60b0b544917107a59d4153d4bf78e1b90), userDataDir=C:\Users\VANSHR~1.SIN\AppData\Local\Temp\scoped_dir8484_9399}, takesHeapSnapshot=true, pageLoadStrategy=normal, databaseEnabled=false, handlesAlerts=true, version=70.0.3538.110, browserConnectionEnabled=false, nativeEvents=true, locationContextEnabled=true, cssSelectorsEnabled=true}]
Session ID: 8f7c7e45fed875cc6a792a5b365ca592
*** Element info: {Using=xpath, value=//span[text()=&amp;apos;Home&amp;apos;]}">
      <![CDATA[org.openqa.selenium.UnhandledAlertException: unexpected alert open: {Alert text : User ID is missing.}
  (Session info: chrome=70.0.3538.110)
  (Driver info: chromedriver=2.44.609538 (b655c5a60b0b544917107a59d4153d4bf78e1b90),platform=Windows NT 10.0.17134 x86_64) (WARNING: The server did not provide any stacktrace information)
Command duration or timeout: 4 milliseconds: null
Build info: version: '2.53.1', revision: 'a36b8b1', time: '2016-06-30 17:32:46'
System info: host: 'IT-VANSHRAJ2', ip: '10.65.8.99', os.name: 'Windows 10', os.arch: 'amd64', os.version: '10.0', java.version: '1.8.0_191'
Driver info: org.openqa.selenium.chrome.ChromeDriver
Capabilities [{mobileEmulationEnabled=false, hasTouchScreen=false, platform=XP, acceptSslCerts=false, goog:chromeOptions={debuggerAddress=localhost:55739}, acceptInsecureCerts=false, webStorageEnabled=true, browserName=chrome, takesScreenshot=true, javascriptEnabled=true, setWindowRect=true, unexpectedAlertBehaviour=ignore, applicationCacheEnabled=false, rotatable=false, networkConnectionEnabled=false, chrome={chromedriverVersion=2.44.609538 (b655c5a60b0b544917107a59d4153d4bf78e1b90), userDataDir=C:\Users\VANSHR~1.SIN\AppData\Local\Temp\scoped_dir8484_9399}, takesHeapSnapshot=true, pageLoadStrategy=normal, databaseEnabled=false, handlesAlerts=true, version=70.0.3538.110, browserConnectionEnabled=false, nativeEvents=true, locationContextEnabled=true, cssSelectorsEnabled=true}]
Session ID: 8f7c7e45fed875cc6a792a5b365ca592
*** Element info: {Using=xpath, value=//span[text()='Home']}
at org.openqa.selenium.remote.ErrorHandler.createThrowable(ErrorHandler.java:206)
at org.openqa.selenium.remote.ErrorHandler.throwIfResponseFailed(ErrorHandler.java:164)
at org.openqa.selenium.remote.RemoteWebDriver.execute(RemoteWebDriver.java:678)
at org.openqa.selenium.remote.RemoteWebDriver.findElement(RemoteWebDriver.java:363)
at org.openqa.selenium.remote.RemoteWebDriver.findElementByXPath(RemoteWebDriver.java:500)
at org.openqa.selenium.By$ByXPath.findElement(By.java:361)
at org.openqa.selenium.remote.RemoteWebDriver.findElement(RemoteWebDriver.java:355)
at org.openqa.selenium.support.pagefactory.DefaultElementLocator.findElement(DefaultElementLocator.java:69)
at org.openqa.selenium.support.pagefactory.internal.LocatingElementHandler.invoke(LocatingElementHandler.java:38)
at com.sun.proxy.$Proxy10.isDisplayed(Unknown Source)
at in.dishtv.genericpages.LoginLogoutPage.login(LoginLogoutPage.java:45)
at in.dishtv.generictest.LoginTest.loginBlankCredentials(LoginTest.java:34)
... Removed 29 stack frames]]>
    </failure>
  </testcase> <!-- loginBlankCredentials -->
  <testcase name="login_InvalidUserIDIandPassword" time="0.0" classname="in.dishtv.generictest.LoginTest">
    <skipped/>
  </testcase> <!-- login_InvalidUserIDIandPassword -->
  <testcase name="login_InvalidUserIdValidPassword" time="0.0" classname="in.dishtv.generictest.LoginTest">
    <skipped/>
  </testcase> <!-- login_InvalidUserIdValidPassword -->
  <testcase name="login_ValidUserIDInvalidPassword" time="0.0" classname="in.dishtv.generictest.LoginTest">
    <skipped/>
  </testcase> <!-- login_ValidUserIDInvalidPassword -->
  <testcase name="loginwithValidUserIDPassword" time="0.0" classname="in.dishtv.generictest.LoginTest">
    <skipped/>
  </testcase> <!-- loginwithValidUserIDPassword -->
</testsuite> <!-- Login -->
